0 info it worked if it ends with ok
1 verbose cli [ 'node',
1 verbose cli   '/usr/local/bin/npm',
1 verbose cli   'install',
1 verbose cli   'grunt-contrib-',
1 verbose cli   '--save-dev' ]
2 info using npm@1.4.28
3 info using node@v0.10.32
4 warn package.json PicticiousPro@0.0.1 No repository field.
5 warn package.json PicticiousPro@0.0.1 No README data
6 verbose readDependencies using package.json deps
7 verbose cache add [ 'grunt-contrib-', null ]
8 verbose cache add name=undefined spec="grunt-contrib-" args=["grunt-contrib-",null]
9 verbose parsed url { protocol: null,
9 verbose parsed url   slashes: null,
9 verbose parsed url   auth: null,
9 verbose parsed url   host: null,
9 verbose parsed url   port: null,
9 verbose parsed url   hostname: null,
9 verbose parsed url   hash: null,
9 verbose parsed url   search: null,
9 verbose parsed url   query: null,
9 verbose parsed url   pathname: 'grunt-contrib-',
9 verbose parsed url   path: 'grunt-contrib-',
9 verbose parsed url   href: 'grunt-contrib-' }
10 silly lockFile 1d96c5b2-grunt-contrib grunt-contrib-
11 verbose lock grunt-contrib- /Users/seanflaherty/.npm/1d96c5b2-grunt-contrib.lock
12 silly lockFile 1d96c5b2-grunt-contrib grunt-contrib-
13 silly lockFile 1d96c5b2-grunt-contrib grunt-contrib-
14 verbose addNamed [ 'grunt-contrib-', '' ]
15 verbose addNamed [ null, '*' ]
16 silly lockFile da904b22-grunt-contrib grunt-contrib-@
17 verbose lock grunt-contrib-@ /Users/seanflaherty/.npm/da904b22-grunt-contrib.lock
18 silly addNameRange { name: 'grunt-contrib-', range: '*', hasData: false }
19 verbose request where is /grunt-contrib-
20 verbose request registry https://registry.npmjs.org/
21 verbose request id 71fe8bfb3e5075f7
22 verbose url raw /grunt-contrib-
23 verbose url resolving [ 'https://registry.npmjs.org/', './grunt-contrib-' ]
24 verbose url resolved https://registry.npmjs.org/grunt-contrib-
25 verbose request where is https://registry.npmjs.org/grunt-contrib-
26 info trying registry request attempt 1 at 19:25:32
27 http GET https://registry.npmjs.org/grunt-contrib-
28 http 404 https://registry.npmjs.org/grunt-contrib-
29 verbose headers { date: 'Wed, 05 Nov 2014 00:25:32 GMT',
29 verbose headers   server: 'CouchDB/1.5.0 (Erlang OTP/R16B03)',
29 verbose headers   'content-type': 'application/json',
29 verbose headers   'cache-control': 'max-age=0',
29 verbose headers   'content-length': '52',
29 verbose headers   'accept-ranges': 'bytes',
29 verbose headers   via: '1.1 varnish',
29 verbose headers   age: '0',
29 verbose headers   'x-served-by': 'cache-jfk1027-JFK',
29 verbose headers   'x-cache': 'MISS',
29 verbose headers   'x-cache-hits': '0',
29 verbose headers   'x-timer': 'S1415147132.790511,VS0,VE19',
29 verbose headers   'keep-alive': 'timeout=10, max=50',
29 verbose headers   connection: 'Keep-Alive' }
30 silly registry.get cb [ 404,
30 silly registry.get   { date: 'Wed, 05 Nov 2014 00:25:32 GMT',
30 silly registry.get     server: 'CouchDB/1.5.0 (Erlang OTP/R16B03)',
30 silly registry.get     'content-type': 'application/json',
30 silly registry.get     'cache-control': 'max-age=0',
30 silly registry.get     'content-length': '52',
30 silly registry.get     'accept-ranges': 'bytes',
30 silly registry.get     via: '1.1 varnish',
30 silly registry.get     age: '0',
30 silly registry.get     'x-served-by': 'cache-jfk1027-JFK',
30 silly registry.get     'x-cache': 'MISS',
30 silly registry.get     'x-cache-hits': '0',
30 silly registry.get     'x-timer': 'S1415147132.790511,VS0,VE19',
30 silly registry.get     'keep-alive': 'timeout=10, max=50',
30 silly registry.get     connection: 'Keep-Alive' } ]
31 silly lockFile da904b22-grunt-contrib grunt-contrib-@
32 silly lockFile da904b22-grunt-contrib grunt-contrib-@
33 error 404 404 Not Found: grunt-contrib-
33 error 404
33 error 404 'grunt-contrib-' is not in the npm registry.
33 error 404 You should bug the author to publish it
33 error 404 It was specified as a dependency of 'PicticiousPro'
33 error 404
33 error 404 Note that you can also install from a
33 error 404 tarball, folder, or http url, or git url.
34 error System Darwin 14.0.0
35 error command "node" "/usr/local/bin/npm" "install" "grunt-contrib-" "--save-dev"
36 error cwd /Development/FEWD-2014-Fall/Projects/08-PhotoApp
37 error node -v v0.10.32
38 error npm -v 1.4.28
39 error code E404
40 verbose exit [ 1, true ]
